# JRE version: OpenJDK Runtime Environment (8.0_202) (build 1.8.0_202-release-1483-b49-5587405)
# Java VM: OpenJDK 64-Bit Server VM (25.202-b49-5587405 mixed mode linux-amd64 compressed oops)
Heap:
 PSYoungGen      total 583680K, used 0K [0x00000000d7300000, 0x00000000ff900000, 0x0000000100000000)
  eden space 508928K, 0% used [0x00000000d7300000,0x00000000d7300000,0x00000000f6400000)
  from space 74752K, 0% used [0x00000000fb000000,0x00000000fb000000,0x00000000ff900000)
  to   space 76288K, 0% used [0x00000000f6400000,0x00000000f6400000,0x00000000fae80000)
 ParOldGen       total 1152512K, used 1143416K [0x0000000085800000, 0x00000000cbd80000, 0x00000000d7300000)
  object space 1152512K, 99% used [0x0000000085800000,0x00000000cb49e0b8,0x00000000cbd80000)
 Metaspace       used 67753K, capacity 76432K, committed 76544K, reserved 1116160K
  class space    used 8122K, capacity 10706K, committed 10752K, reserved 1048576K
GC Heap History (10 events):
Event: 64.359 GC heap after
Heap after GC invocations=80 (full 8):
 PSYoungGen      total 583168K, used 15072K [0x00000000d7300000, 0x00000000ffe80000, 0x0000000100000000)
  eden space 500224K, 0% used [0x00000000d7300000,0x00000000d7300000,0x00000000f5b80000)
  from space 82944K, 18% used [0x00000000fad80000,0x00000000fbc38000,0x00000000ffe80000)
  to   space 83456K, 0% used [0x00000000f5b80000,0x00000000f5b80000,0x00000000fad00000)
 ParOldGen       total 1152512K, used 1069672K [0x0000000085800000, 0x00000000cbd80000, 0x00000000d7300000)
  object space 1152512K, 92% used [0x0000000085800000,0x00000000c6c9a010,0x00000000cbd80000)
 Metaspace       used 67753K, capacity 76432K, committed 76544K, reserved 1116160K
  class space    used 8122K, capacity 10706K, committed 10752K, reserved 1048576K
}
Event: 64.995 GC heap before
{Heap before GC invocations=81 (full 8):
 PSYoungGen      total 583168K, used 515296K [0x00000000d7300000, 0x00000000ffe80000, 0x0000000100000000)
  eden space 500224K, 100% used [0x00000000d7300000,0x00000000f5b80000,0x00000000f5b80000)
  from space 82944K, 18% used [0x00000000fad80000,0x00000000fbc38000,0x00000000ffe80000)
  to   space 83456K, 0% used [0x00000000f5b80000,0x00000000f5b80000,0x00000000fad00000)
 ParOldGen       total 1152512K, used 1069672K [0x0000000085800000, 0x00000000cbd80000, 0x00000000d7300000)
  object space 1152512K, 92% used [0x0000000085800000,0x00000000c6c9a010,0x00000000cbd80000)
 Metaspace       used 67753K, capacity 76432K, committed 76544K, reserved 1116160K
  class space    used 8122K, capacity 10706K, committed 10752K, reserved 1048576K
Event: 65.046 GC heap after
Heap after GC invocations=81 (full 8):
 PSYoungGen      total 583680K, used 15232K [0x00000000d7300000, 0x00000000ffe80000, 0x0000000100000000)
  eden space 500224K, 0% used [0x00000000d7300000,0x00000000d7300000,0x00000000f5b80000)
  from space 83456K, 18% used [0x00000000f5b80000,0x00000000f6a60000,0x00000000fad00000)
  to   space 82432K, 0% used [0x00000000fae00000,0x00000000fae00000,0x00000000ffe80000)
 ParOldGen       total 1152512K, used 1084768K [0x0000000085800000, 0x00000000cbd80000, 0x00000000d7300000)
  object space 1152512K, 94% used [0x0000000085800000,0x00000000c7b58010,0x00000000cbd80000)
 Metaspace       used 67753K, capacity 76432K, committed 76544K, reserved 1116160K
  class space    used 8122K, capacity 10706K, committed 10752K, reserved 1048576K
}
Event: 65.673 GC heap before
{Heap before GC invocations=82 (full 8):
 PSYoungGen      total 583680K, used 515456K [0x00000000d7300000, 0x00000000ffe80000, 0x0000000100000000)
  eden space 500224K, 100% used [0x00000000d7300000,0x00000000f5b80000,0x00000000f5b80000)
  from space 83456K, 18% used [0x00000000f5b80000,0x00000000f6a60000,0x00000000fad00000)
  to   space 82432K, 0% used [0x00000000fae00000,0x00000000fae00000,0x00000000ffe80000)
 ParOldGen       total 1152512K, used 1084768K [0x0000000085800000, 0x00000000cbd80000, 0x00000000d7300000)
  object space 1152512K, 94% used [0x0000000085800000,0x00000000c7b58010,0x00000000cbd80000)
 Metaspace       used 67753K, capacity 76432K, committed 76544K, reserved 1116160K
  class space    used 8122K, capacity 10706K, committed 10752K, reserved 1048576K
Event: 65.716 GC heap after
Heap after GC invocations=82 (full 8):
 PSYoungGen      total 582656K, used 15200K [0x00000000d7300000, 0x00000000ffc00000, 0x0000000100000000)
  eden space 502784K, 0% used [0x00000000d7300000,0x00000000d7300000,0x00000000f5e00000)
  from space 79872K, 19% used [0x00000000fae00000,0x00000000fbcd8000,0x00000000ffc00000)
  to   space 80896K, 0% used [0x00000000f5e00000,0x00000000f5e00000,0x00000000fad00000)
 ParOldGen       total 1152512K, used 1100024K [0x0000000085800000, 0x00000000cbd80000, 0x00000000d7300000)
  object space 1152512K, 95% used [0x0000000085800000,0x00000000c8a3e010,0x00000000cbd80000)
 Metaspace       used 67753K, capacity 76432K, committed 76544K, reserved 1116160K
  class space    used 8122K, capacity 10706K, committed 10752K, reserved 1048576K
}
Event: 66.350 GC heap before
{Heap before GC invocations=83 (full 8):
 PSYoungGen      total 582656K, used 517984K [0x00000000d7300000, 0x00000000ffc00000, 0x0000000100000000)
  eden space 502784K, 100% used [0x00000000d7300000,0x00000000f5e00000,0x00000000f5e00000)
  from space 79872K, 19% used [0x00000000fae00000,0x00000000fbcd8000,0x00000000ffc00000)
  to   space 80896K, 0% used [0x00000000f5e00000,0x00000000f5e00000,0x00000000fad00000)
 ParOldGen       total 1152512K, used 1100024K [0x0000000085800000, 0x00000000cbd80000, 0x00000000d7300000)
  object space 1152512K, 95% used [0x0000000085800000,0x00000000c8a3e010,0x00000000cbd80000)
 Metaspace       used 67753K, capacity 76432K, committed 76544K, reserved 1116160K
  class space    used 8122K, capacity 10706K, committed 10752K, reserved 1048576K
Event: 66.402 GC heap after
Heap after GC invocations=83 (full 8):
 PSYoungGen      total 583680K, used 15328K [0x00000000d7300000, 0x00000000ffd00000, 0x0000000100000000)
  eden space 502784K, 0% used [0x00000000d7300000,0x00000000d7300000,0x00000000f5e00000)
  from space 80896K, 18% used [0x00000000f5e00000,0x00000000f6cf8000,0x00000000fad00000)
  to   space 78848K, 0% used [0x00000000fb000000,0x00000000fb000000,0x00000000ffd00000)
 ParOldGen       total 1152512K, used 1115280K [0x0000000085800000, 0x00000000cbd80000, 0x00000000d7300000)
  object space 1152512K, 96% used [0x0000000085800000,0x00000000c9924010,0x00000000cbd80000)
 Metaspace       used 67753K, capacity 76432K, committed 76544K, reserved 1116160K
  class space    used 8122K, capacity 10706K, committed 10752K, reserved 1048576K
}
Event: 67.063 GC heap before
{Heap before GC invocations=84 (full 8):
 PSYoungGen      total 583680K, used 518112K [0x00000000d7300000, 0x00000000ffd00000, 0x0000000100000000)
  eden space 502784K, 100% used [0x00000000d7300000,0x00000000f5e00000,0x00000000f5e00000)
  from space 80896K, 18% used [0x00000000f5e00000,0x00000000f6cf8000,0x00000000fad00000)
  to   space 78848K, 0% used [0x00000000fb000000,0x00000000fb000000,0x00000000ffd00000)
 ParOldGen       total 1152512K, used 1115280K [0x0000000085800000, 0x00000000cbd80000, 0x00000000d7300000)
  object space 1152512K, 96% used [0x0000000085800000,0x00000000c9924010,0x00000000cbd80000)
 Metaspace       used 67753K, capacity 76432K, committed 76544K, reserved 1116160K
  class space    used 8122K, capacity 10706K, committed 10752K, reserved 1048576K
Event: 67.107 GC heap after
Heap after GC invocations=84 (full 8):
 PSYoungGen      total 583680K, used 15296K [0x00000000d7300000, 0x00000000ff900000, 0x0000000100000000)
  eden space 508928K, 0% used [0x00000000d7300000,0x00000000d7300000,0x00000000f6400000)
  from space 74752K, 20% used [0x00000000fb000000,0x00000000fbef0000,0x00000000ff900000)
  to   space 76288K, 0% used [0x00000000f6400000,0x00000000f6400000,0x00000000fae80000)
 ParOldGen       total 1152512K, used 1130616K [0x0000000085800000, 0x00000000cbd80000, 0x00000000d7300000)
  object space 1152512K, 98% used [0x0000000085800000,0x00000000ca81e010,0x00000000cbd80000)
 Metaspace       used 67753K, capacity 76432K, committed 76544K, reserved 1116160K
  class space    used 8122K, capacity 10706K, committed 10752K, reserved 1048576K
}
Event: 67.109 GC heap before
{Heap before GC invocations=85 (full 9):
 PSYoungGen      total 583680K, used 15296K [0x00000000d7300000, 0x00000000ff900000, 0x0000000100000000)
  eden space 508928K, 0% used [0x00000000d7300000,0x00000000d7300000,0x00000000f6400000)
  from space 74752K, 20% used [0x00000000fb000000,0x00000000fbef0000,0x00000000ff900000)
  to   space 76288K, 0% used [0x00000000f6400000,0x00000000f6400000,0x00000000fae80000)
 ParOldGen       total 1152512K, used 1130616K [0x0000000085800000, 0x00000000cbd80000, 0x00000000d7300000)
  object space 1152512K, 98% used [0x0000000085800000,0x00000000ca81e010,0x00000000cbd80000)
 Metaspace       used 67753K, capacity 76432K, committed 76544K, reserved 1116160K
  class space    used 8122K, capacity 10706K, committed 10752K, reserved 1048576K

