# JRE version: OpenJDK Runtime Environment (8.0_202) (build 1.8.0_202-release-1483-b49-5587405)
# Java VM: OpenJDK 64-Bit Server VM (25.202-b49-5587405 mixed mode linux-amd64 compressed oops)
Heap:
 PSYoungGen      total 550400K, used 0K [0x00000000d7300000, 0x00000000ffd00000, 0x0000000100000000)
  eden space 438272K, 0% used [0x00000000d7300000,0x00000000d7300000,0x00000000f1f00000)
  from space 112128K, 0% used [0x00000000f8f80000,0x00000000f8f80000,0x00000000ffd00000)
  to   space 113664K, 0% used [0x00000000f1f00000,0x00000000f1f00000,0x00000000f8e00000)
 ParOldGen       total 1075712K, used 1053578K [0x0000000085800000, 0x00000000c7280000, 0x00000000d7300000)
  object space 1075712K, 97% used [0x0000000085800000,0x00000000c5ce2aa0,0x00000000c7280000)
 Metaspace       used 67348K, capacity 75841K, committed 76032K, reserved 1114112K
  class space    used 8084K, capacity 10655K, committed 10752K, reserved 1048576K
GC Heap History (10 events):
Event: 67.987 GC heap after
Heap after GC invocations=76 (full 8):
 PSYoungGen      total 541696K, used 38784K [0x00000000d7300000, 0x0000000100000000, 0x0000000100000000)
  eden space 424960K, 0% used [0x00000000d7300000,0x00000000d7300000,0x00000000f1200000)
  from space 116736K, 33% used [0x00000000f8200000,0x00000000fa7e0000,0x00000000ff400000)
  to   space 114688K, 0% used [0x00000000f1200000,0x00000000f1200000,0x00000000f8200000)
 ParOldGen       total 1075712K, used 964467K [0x0000000085800000, 0x00000000c7280000, 0x00000000d7300000)
  object space 1075712K, 89% used [0x0000000085800000,0x00000000c05dcf40,0x00000000c7280000)
 Metaspace       used 67348K, capacity 75841K, committed 76032K, reserved 1114112K
  class space    used 8084K, capacity 10655K, committed 10752K, reserved 1048576K
}
Event: 68.813 GC heap before
{Heap before GC invocations=77 (full 8):
 PSYoungGen      total 541696K, used 463744K [0x00000000d7300000, 0x0000000100000000, 0x0000000100000000)
  eden space 424960K, 100% used [0x00000000d7300000,0x00000000f1200000,0x00000000f1200000)
  from space 116736K, 33% used [0x00000000f8200000,0x00000000fa7e0000,0x00000000ff400000)
  to   space 114688K, 0% used [0x00000000f1200000,0x00000000f1200000,0x00000000f8200000)
 ParOldGen       total 1075712K, used 964467K [0x0000000085800000, 0x00000000c7280000, 0x00000000d7300000)
  object space 1075712K, 89% used [0x0000000085800000,0x00000000c05dcf40,0x00000000c7280000)
 Metaspace       used 67348K, capacity 75841K, committed 76032K, reserved 1114112K
  class space    used 8084K, capacity 10655K, committed 10752K, reserved 1048576K
Event: 68.893 GC heap after
Heap after GC invocations=77 (full 8):
 PSYoungGen      total 539648K, used 25760K [0x00000000d7300000, 0x00000000ffd00000, 0x0000000100000000)
  eden space 424960K, 0% used [0x00000000d7300000,0x00000000d7300000,0x00000000f1200000)
  from space 114688K, 22% used [0x00000000f1200000,0x00000000f2b28000,0x00000000f8200000)
  to   space 114176K, 0% used [0x00000000f8d80000,0x00000000f8d80000,0x00000000ffd00000)
 ParOldGen       total 1075712K, used 990587K [0x0000000085800000, 0x00000000c7280000, 0x00000000d7300000)
  object space 1075712K, 92% used [0x0000000085800000,0x00000000c1f5ef40,0x00000000c7280000)
 Metaspace       used 67348K, capacity 75841K, committed 76032K, reserved 1114112K
  class space    used 8084K, capacity 10655K, committed 10752K, reserved 1048576K
}
Event: 69.484 GC heap before
{Heap before GC invocations=78 (full 8):
 PSYoungGen      total 539648K, used 450720K [0x00000000d7300000, 0x00000000ffd00000, 0x0000000100000000)
  eden space 424960K, 100% used [0x00000000d7300000,0x00000000f1200000,0x00000000f1200000)
  from space 114688K, 22% used [0x00000000f1200000,0x00000000f2b28000,0x00000000f8200000)
  to   space 114176K, 0% used [0x00000000f8d80000,0x00000000f8d80000,0x00000000ffd00000)
 ParOldGen       total 1075712K, used 990587K [0x0000000085800000, 0x00000000c7280000, 0x00000000d7300000)
  object space 1075712K, 92% used [0x0000000085800000,0x00000000c1f5ef40,0x00000000c7280000)
 Metaspace       used 67348K, capacity 75841K, committed 76032K, reserved 1114112K
  class space    used 8084K, capacity 10655K, committed 10752K, reserved 1048576K
Event: 69.544 GC heap after
Heap after GC invocations=78 (full 8):
 PSYoungGen      total 550400K, used 12960K [0x00000000d7300000, 0x0000000100000000, 0x0000000100000000)
  eden space 436224K, 0% used [0x00000000d7300000,0x00000000d7300000,0x00000000f1d00000)
  from space 114176K, 11% used [0x00000000f8d80000,0x00000000f9a28000,0x00000000ffd00000)
  to   space 115200K, 0% used [0x00000000f1d00000,0x00000000f1d00000,0x00000000f8d80000)
 ParOldGen       total 1075712K, used 1016491K [0x0000000085800000, 0x00000000c7280000, 0x00000000d7300000)
  object space 1075712K, 94% used [0x0000000085800000,0x00000000c38aaf40,0x00000000c7280000)
 Metaspace       used 67348K, capacity 75841K, committed 76032K, reserved 1114112K
  class space    used 8084K, capacity 10655K, committed 10752K, reserved 1048576K
}
Event: 70.233 GC heap before
{Heap before GC invocations=79 (full 8):
 PSYoungGen      total 550400K, used 449184K [0x00000000d7300000, 0x0000000100000000, 0x0000000100000000)
  eden space 436224K, 100% used [0x00000000d7300000,0x00000000f1d00000,0x00000000f1d00000)
  from space 114176K, 11% used [0x00000000f8d80000,0x00000000f9a28000,0x00000000ffd00000)
  to   space 115200K, 0% used [0x00000000f1d00000,0x00000000f1d00000,0x00000000f8d80000)
 ParOldGen       total 1075712K, used 1016491K [0x0000000085800000, 0x00000000c7280000, 0x00000000d7300000)
  object space 1075712K, 94% used [0x0000000085800000,0x00000000c38aaf40,0x00000000c7280000)
 Metaspace       used 67348K, capacity 75841K, committed 76032K, reserved 1114112K
  class space    used 8084K, capacity 10655K, committed 10752K, reserved 1048576K
Event: 70.272 GC heap after
Heap after GC invocations=79 (full 8):
 PSYoungGen      total 551424K, used 13280K [0x00000000d7300000, 0x0000000100000000, 0x0000000100000000)
  eden space 436224K, 0% used [0x00000000d7300000,0x00000000d7300000,0x00000000f1d00000)
  from space 115200K, 11% used [0x00000000f1d00000,0x00000000f29f8000,0x00000000f8d80000)
  to   space 115200K, 0% used [0x00000000f8f80000,0x00000000f8f80000,0x0000000100000000)
 ParOldGen       total 1075712K, used 1029459K [0x0000000085800000, 0x00000000c7280000, 0x00000000d7300000)
  object space 1075712K, 95% used [0x0000000085800000,0x00000000c4554f40,0x00000000c7280000)
 Metaspace       used 67348K, capacity 75841K, committed 76032K, reserved 1114112K
  class space    used 8084K, capacity 10655K, committed 10752K, reserved 1048576K
}
Event: 71.129 GC heap before
{Heap before GC invocations=80 (full 8):
 PSYoungGen      total 551424K, used 449504K [0x00000000d7300000, 0x0000000100000000, 0x0000000100000000)
  eden space 436224K, 100% used [0x00000000d7300000,0x00000000f1d00000,0x00000000f1d00000)
  from space 115200K, 11% used [0x00000000f1d00000,0x00000000f29f8000,0x00000000f8d80000)
  to   space 115200K, 0% used [0x00000000f8f80000,0x00000000f8f80000,0x0000000100000000)
 ParOldGen       total 1075712K, used 1029459K [0x0000000085800000, 0x00000000c7280000, 0x00000000d7300000)
  object space 1075712K, 95% used [0x0000000085800000,0x00000000c4554f40,0x00000000c7280000)
 Metaspace       used 67348K, capacity 75841K, committed 76032K, reserved 1114112K
  class space    used 8084K, capacity 10655K, committed 10752K, reserved 1048576K
Event: 71.186 GC heap after
Heap after GC invocations=80 (full 8):
 PSYoungGen      total 550400K, used 13248K [0x00000000d7300000, 0x00000000ffd00000, 0x0000000100000000)
  eden space 438272K, 0% used [0x00000000d7300000,0x00000000d7300000,0x00000000f1f00000)
  from space 112128K, 11% used [0x00000000f8f80000,0x00000000f9c70000,0x00000000ffd00000)
  to   space 113664K, 0% used [0x00000000f1f00000,0x00000000f1f00000,0x00000000f8e00000)
 ParOldGen       total 1075712K, used 1042779K [0x0000000085800000, 0x00000000c7280000, 0x00000000d7300000)
  object space 1075712K, 96% used [0x0000000085800000,0x00000000c5256f40,0x00000000c7280000)
 Metaspace       used 67348K, capacity 75841K, committed 76032K, reserved 1114112K
  class space    used 8084K, capacity 10655K, committed 10752K, reserved 1048576K
}
Event: 71.192 GC heap before
{Heap before GC invocations=81 (full 9):
 PSYoungGen      total 550400K, used 13248K [0x00000000d7300000, 0x00000000ffd00000, 0x0000000100000000)
  eden space 438272K, 0% used [0x00000000d7300000,0x00000000d7300000,0x00000000f1f00000)
  from space 112128K, 11% used [0x00000000f8f80000,0x00000000f9c70000,0x00000000ffd00000)
  to   space 113664K, 0% used [0x00000000f1f00000,0x00000000f1f00000,0x00000000f8e00000)
 ParOldGen       total 1075712K, used 1042779K [0x0000000085800000, 0x00000000c7280000, 0x00000000d7300000)
  object space 1075712K, 96% used [0x0000000085800000,0x00000000c5256f40,0x00000000c7280000)
 Metaspace       used 67348K, capacity 75841K, committed 76032K, reserved 1114112K
  class space    used 8084K, capacity 10655K, committed 10752K, reserved 1048576K

