# JRE version: OpenJDK Runtime Environment (8.0_202) (build 1.8.0_202-release-1483-b49-5587405)
# Java VM: OpenJDK 64-Bit Server VM (25.202-b49-5587405 mixed mode linux-amd64 compressed oops)
Heap:
 PSYoungGen      total 602624K, used 0K [0x00000000d7300000, 0x0000000100000000, 0x0000000100000000)
  eden space 540672K, 0% used [0x00000000d7300000,0x00000000d7300000,0x00000000f8300000)
  from space 61952K, 0% used [0x00000000fbf80000,0x00000000fbf80000,0x00000000ffc00000)
  to   space 61952K, 0% used [0x00000000f8300000,0x00000000f8300000,0x00000000fbf80000)
 ParOldGen       total 891392K, used 885923K [0x0000000085800000, 0x00000000bbe80000, 0x00000000d7300000)
  object space 891392K, 99% used [0x0000000085800000,0x00000000bb928dc8,0x00000000bbe80000)
 Metaspace       used 67547K, capacity 76100K, committed 76288K, reserved 1114112K
  class space    used 8111K, capacity 10688K, committed 10752K, reserved 1048576K
GC Heap History (10 events):
Event: 53.515 GC heap after
Heap after GC invocations=63 (full 7):
 PSYoungGen      total 599552K, used 51712K [0x00000000d7300000, 0x0000000100000000, 0x0000000100000000)
  eden space 547840K, 0% used [0x00000000d7300000,0x00000000d7300000,0x00000000f8a00000)
  from space 51712K, 100% used [0x00000000fcd80000,0x0000000100000000,0x0000000100000000)
  to   space 60416K, 0% used [0x00000000f8a00000,0x00000000f8a00000,0x00000000fc500000)
 ParOldGen       total 891392K, used 769178K [0x0000000085800000, 0x00000000bbe80000, 0x00000000d7300000)
  object space 891392K, 86% used [0x0000000085800000,0x00000000b4726a80,0x00000000bbe80000)
 Metaspace       used 67547K, capacity 76100K, committed 76288K, reserved 1114112K
  class space    used 8111K, capacity 10688K, committed 10752K, reserved 1048576K
}
Event: 54.226 GC heap before
{Heap before GC invocations=64 (full 7):
 PSYoungGen      total 599552K, used 599552K [0x00000000d7300000, 0x0000000100000000, 0x0000000100000000)
  eden space 547840K, 100% used [0x00000000d7300000,0x00000000f8a00000,0x00000000f8a00000)
  from space 51712K, 100% used [0x00000000fcd80000,0x0000000100000000,0x0000000100000000)
  to   space 60416K, 0% used [0x00000000f8a00000,0x00000000f8a00000,0x00000000fc500000)
 ParOldGen       total 891392K, used 769178K [0x0000000085800000, 0x00000000bbe80000, 0x00000000d7300000)
  object space 891392K, 86% used [0x0000000085800000,0x00000000b4726a80,0x00000000bbe80000)
 Metaspace       used 67547K, capacity 76100K, committed 76288K, reserved 1114112K
  class space    used 8111K, capacity 10688K, committed 10752K, reserved 1048576K
Event: 54.285 GC heap after
Heap after GC invocations=64 (full 7):
 PSYoungGen      total 593920K, used 45856K [0x00000000d7300000, 0x0000000100000000, 0x0000000100000000)
  eden space 547840K, 0% used [0x00000000d7300000,0x00000000d7300000,0x00000000f8a00000)
  from space 46080K, 99% used [0x00000000f8a00000,0x00000000fb6c8000,0x00000000fb700000)
  to   space 62976K, 0% used [0x00000000fc280000,0x00000000fc280000,0x0000000100000000)
 ParOldGen       total 891392K, used 792034K [0x0000000085800000, 0x00000000bbe80000, 0x00000000d7300000)
  object space 891392K, 88% used [0x0000000085800000,0x00000000b5d78a80,0x00000000bbe80000)
 Metaspace       used 67547K, capacity 76100K, committed 76288K, reserved 1114112K
  class space    used 8111K, capacity 10688K, committed 10752K, reserved 1048576K
}
Event: 55.002 GC heap before
{Heap before GC invocations=65 (full 7):
 PSYoungGen      total 593920K, used 593696K [0x00000000d7300000, 0x0000000100000000, 0x0000000100000000)
  eden space 547840K, 100% used [0x00000000d7300000,0x00000000f8a00000,0x00000000f8a00000)
  from space 46080K, 99% used [0x00000000f8a00000,0x00000000fb6c8000,0x00000000fb700000)
  to   space 62976K, 0% used [0x00000000fc280000,0x00000000fc280000,0x0000000100000000)
 ParOldGen       total 891392K, used 792034K [0x0000000085800000, 0x00000000bbe80000, 0x00000000d7300000)
  object space 891392K, 88% used [0x0000000085800000,0x00000000b5d78a80,0x00000000bbe80000)
 Metaspace       used 67547K, capacity 76100K, committed 76288K, reserved 1114112K
  class space    used 8111K, capacity 10688K, committed 10752K, reserved 1048576K
Event: 55.141 GC heap after
Heap after GC invocations=65 (full 7):
 PSYoungGen      total 601600K, used 45152K [0x00000000d7300000, 0x0000000100000000, 0x0000000100000000)
  eden space 538624K, 0% used [0x00000000d7300000,0x00000000d7300000,0x00000000f8100000)
  from space 62976K, 71% used [0x00000000fc280000,0x00000000fee98000,0x0000000100000000)
  to   space 65024K, 0% used [0x00000000f8100000,0x00000000f8100000,0x00000000fc080000)
 ParOldGen       total 891392K, used 809618K [0x0000000085800000, 0x00000000bbe80000, 0x00000000d7300000)
  object space 891392K, 90% used [0x0000000085800000,0x00000000b6ea4a80,0x00000000bbe80000)
 Metaspace       used 67547K, capacity 76100K, committed 76288K, reserved 1114112K
  class space    used 8111K, capacity 10688K, committed 10752K, reserved 1048576K
}
Event: 56.031 GC heap before
{Heap before GC invocations=66 (full 7):
 PSYoungGen      total 601600K, used 583776K [0x00000000d7300000, 0x0000000100000000, 0x0000000100000000)
  eden space 538624K, 100% used [0x00000000d7300000,0x00000000f8100000,0x00000000f8100000)
  from space 62976K, 71% used [0x00000000fc280000,0x00000000fee98000,0x0000000100000000)
  to   space 65024K, 0% used [0x00000000f8100000,0x00000000f8100000,0x00000000fc080000)
 ParOldGen       total 891392K, used 809618K [0x0000000085800000, 0x00000000bbe80000, 0x00000000d7300000)
  object space 891392K, 90% used [0x0000000085800000,0x00000000b6ea4a80,0x00000000bbe80000)
 Metaspace       used 67547K, capacity 76100K, committed 76288K, reserved 1114112K
  class space    used 8111K, capacity 10688K, committed 10752K, reserved 1048576K
Event: 56.151 GC heap after
Heap after GC invocations=66 (full 7):
 PSYoungGen      total 571904K, used 33280K [0x00000000d7300000, 0x00000000ffc00000, 0x0000000100000000)
  eden space 538624K, 0% used [0x00000000d7300000,0x00000000d7300000,0x00000000f8100000)
  from space 33280K, 100% used [0x00000000f8100000,0x00000000fa180000,0x00000000fa180000)
  to   space 61952K, 0% used [0x00000000fbf80000,0x00000000fbf80000,0x00000000ffc00000)
 ParOldGen       total 891392K, used 838210K [0x0000000085800000, 0x00000000bbe80000, 0x00000000d7300000)
  object space 891392K, 94% used [0x0000000085800000,0x00000000b8a90a80,0x00000000bbe80000)
 Metaspace       used 67547K, capacity 76100K, committed 76288K, reserved 1114112K
  class space    used 8111K, capacity 10688K, committed 10752K, reserved 1048576K
}
Event: 57.060 GC heap before
{Heap before GC invocations=67 (full 7):
 PSYoungGen      total 571904K, used 571904K [0x00000000d7300000, 0x00000000ffc00000, 0x0000000100000000)
  eden space 538624K, 100% used [0x00000000d7300000,0x00000000f8100000,0x00000000f8100000)
  from space 33280K, 100% used [0x00000000f8100000,0x00000000fa180000,0x00000000fa180000)
  to   space 61952K, 0% used [0x00000000fbf80000,0x00000000fbf80000,0x00000000ffc00000)
 ParOldGen       total 891392K, used 838210K [0x0000000085800000, 0x00000000bbe80000, 0x00000000d7300000)
  object space 891392K, 94% used [0x0000000085800000,0x00000000b8a90a80,0x00000000bbe80000)
 Metaspace       used 67547K, capacity 76100K, committed 76288K, reserved 1114112K
  class space    used 8111K, capacity 10688K, committed 10752K, reserved 1048576K
Event: 61.530 GC heap after
Heap after GC invocations=67 (full 7):
 PSYoungGen      total 602624K, used 16512K [0x00000000d7300000, 0x0000000100000000, 0x0000000100000000)
  eden space 540672K, 0% used [0x00000000d7300000,0x00000000d7300000,0x00000000f8300000)
  from space 61952K, 26% used [0x00000000fbf80000,0x00000000fcfa0000,0x00000000ffc00000)
  to   space 61952K, 0% used [0x00000000f8300000,0x00000000f8300000,0x00000000fbf80000)
 ParOldGen       total 891392K, used 871626K [0x0000000085800000, 0x00000000bbe80000, 0x00000000d7300000)
  object space 891392K, 97% used [0x0000000085800000,0x00000000bab32a80,0x00000000bbe80000)
 Metaspace       used 67547K, capacity 76100K, committed 76288K, reserved 1114112K
  class space    used 8111K, capacity 10688K, committed 10752K, reserved 1048576K
}
Event: 63.222 GC heap before
{Heap before GC invocations=68 (full 8):
 PSYoungGen      total 602624K, used 16512K [0x00000000d7300000, 0x0000000100000000, 0x0000000100000000)
  eden space 540672K, 0% used [0x00000000d7300000,0x00000000d7300000,0x00000000f8300000)
  from space 61952K, 26% used [0x00000000fbf80000,0x00000000fcfa0000,0x00000000ffc00000)
  to   space 61952K, 0% used [0x00000000f8300000,0x00000000f8300000,0x00000000fbf80000)
 ParOldGen       total 891392K, used 871626K [0x0000000085800000, 0x00000000bbe80000, 0x00000000d7300000)
  object space 891392K, 97% used [0x0000000085800000,0x00000000bab32a80,0x00000000bbe80000)
 Metaspace       used 67547K, capacity 76100K, committed 76288K, reserved 1114112K
  class space    used 8111K, capacity 10688K, committed 10752K, reserved 1048576K

