# JRE version: OpenJDK Runtime Environment (8.0_202) (build 1.8.0_202-release-1483-b49-5587405)
# Java VM: OpenJDK 64-Bit Server VM (25.202-b49-5587405 mixed mode linux-amd64 compressed oops)
Heap:
 PSYoungGen      total 641024K, used 0K [0x00000000d7300000, 0x00000000fff00000, 0x0000000100000000)
  eden space 615424K, 0% used [0x00000000d7300000,0x00000000d7300000,0x00000000fcc00000)
  from space 25600K, 0% used [0x00000000fe600000,0x00000000fe600000,0x00000000fff00000)
  to   space 26112K, 0% used [0x00000000fcc00000,0x00000000fcc00000,0x00000000fe580000)
 ParOldGen       total 402944K, used 394362K [0x0000000085800000, 0x000000009e180000, 0x00000000d7300000)
  object space 402944K, 97% used [0x0000000085800000,0x000000009d91eb40,0x000000009e180000)
 Metaspace       used 67554K, capacity 76229K, committed 76544K, reserved 1116160K
  class space    used 8096K, capacity 10674K, committed 10752K, reserved 1048576K
GC Heap History (10 events):
Event: 38.910 GC heap after
Heap after GC invocations=33 (full 5):
 PSYoungGen      total 640000K, used 18656K [0x00000000d7300000, 0x00000000fff80000, 0x0000000100000000)
  eden space 612352K, 0% used [0x00000000d7300000,0x00000000d7300000,0x00000000fc900000)
  from space 27648K, 67% used [0x00000000fe400000,0x00000000ff638000,0x00000000fff00000)
  to   space 27648K, 0% used [0x00000000fc900000,0x00000000fc900000,0x00000000fe400000)
 ParOldGen       total 402944K, used 302129K [0x0000000085800000, 0x000000009e180000, 0x00000000d7300000)
  object space 402944K, 74% used [0x0000000085800000,0x0000000097f0c610,0x000000009e180000)
 Metaspace       used 67554K, capacity 76229K, committed 76544K, reserved 1116160K
  class space    used 8096K, capacity 10674K, committed 10752K, reserved 1048576K
}
Event: 40.105 GC heap before
{Heap before GC invocations=34 (full 5):
 PSYoungGen      total 640000K, used 631008K [0x00000000d7300000, 0x00000000fff80000, 0x0000000100000000)
  eden space 612352K, 100% used [0x00000000d7300000,0x00000000fc900000,0x00000000fc900000)
  from space 27648K, 67% used [0x00000000fe400000,0x00000000ff638000,0x00000000fff00000)
  to   space 27648K, 0% used [0x00000000fc900000,0x00000000fc900000,0x00000000fe400000)
 ParOldGen       total 402944K, used 302129K [0x0000000085800000, 0x000000009e180000, 0x00000000d7300000)
  object space 402944K, 74% used [0x0000000085800000,0x0000000097f0c610,0x000000009e180000)
 Metaspace       used 67554K, capacity 76229K, committed 76544K, reserved 1116160K
  class space    used 8096K, capacity 10674K, committed 10752K, reserved 1048576K
Event: 40.184 GC heap after
Heap after GC invocations=34 (full 5):
 PSYoungGen      total 640000K, used 18656K [0x00000000d7300000, 0x00000000fff00000, 0x0000000100000000)
  eden space 612352K, 0% used [0x00000000d7300000,0x00000000d7300000,0x00000000fc900000)
  from space 27648K, 67% used [0x00000000fc900000,0x00000000fdb38000,0x00000000fe400000)
  to   space 27136K, 0% used [0x00000000fe480000,0x00000000fe480000,0x00000000fff00000)
 ParOldGen       total 402944K, used 320889K [0x0000000085800000, 0x000000009e180000, 0x00000000d7300000)
  object space 402944K, 79% used [0x0000000085800000,0x000000009915e610,0x000000009e180000)
 Metaspace       used 67554K, capacity 76229K, committed 76544K, reserved 1116160K
  class space    used 8096K, capacity 10674K, committed 10752K, reserved 1048576K
}
Event: 41.243 GC heap before
{Heap before GC invocations=35 (full 5):
 PSYoungGen      total 640000K, used 631008K [0x00000000d7300000, 0x00000000fff00000, 0x0000000100000000)
  eden space 612352K, 100% used [0x00000000d7300000,0x00000000fc900000,0x00000000fc900000)
  from space 27648K, 67% used [0x00000000fc900000,0x00000000fdb38000,0x00000000fe400000)
  to   space 27136K, 0% used [0x00000000fe480000,0x00000000fe480000,0x00000000fff00000)
 ParOldGen       total 402944K, used 320889K [0x0000000085800000, 0x000000009e180000, 0x00000000d7300000)
  object space 402944K, 79% used [0x0000000085800000,0x000000009915e610,0x000000009e180000)
 Metaspace       used 67554K, capacity 76229K, committed 76544K, reserved 1116160K
  class space    used 8096K, capacity 10674K, committed 10752K, reserved 1048576K
Event: 41.299 GC heap after
Heap after GC invocations=35 (full 5):
 PSYoungGen      total 640512K, used 18656K [0x00000000d7300000, 0x00000000ffe80000, 0x0000000100000000)
  eden space 613888K, 0% used [0x00000000d7300000,0x00000000d7300000,0x00000000fca80000)
  from space 26624K, 70% used [0x00000000fe480000,0x00000000ff6b8000,0x00000000ffe80000)
  to   space 26624K, 0% used [0x00000000fca80000,0x00000000fca80000,0x00000000fe480000)
 ParOldGen       total 402944K, used 339641K [0x0000000085800000, 0x000000009e180000, 0x00000000d7300000)
  object space 402944K, 84% used [0x0000000085800000,0x000000009a3ae610,0x000000009e180000)
 Metaspace       used 67554K, capacity 76229K, committed 76544K, reserved 1116160K
  class space    used 8096K, capacity 10674K, committed 10752K, reserved 1048576K
}
Event: 42.151 GC heap before
{Heap before GC invocations=36 (full 5):
 PSYoungGen      total 640512K, used 632544K [0x00000000d7300000, 0x00000000ffe80000, 0x0000000100000000)
  eden space 613888K, 100% used [0x00000000d7300000,0x00000000fca80000,0x00000000fca80000)
  from space 26624K, 70% used [0x00000000fe480000,0x00000000ff6b8000,0x00000000ffe80000)
  to   space 26624K, 0% used [0x00000000fca80000,0x00000000fca80000,0x00000000fe480000)
 ParOldGen       total 402944K, used 339641K [0x0000000085800000, 0x000000009e180000, 0x00000000d7300000)
  object space 402944K, 84% used [0x0000000085800000,0x000000009a3ae610,0x000000009e180000)
 Metaspace       used 67554K, capacity 76229K, committed 76544K, reserved 1116160K
  class space    used 8096K, capacity 10674K, committed 10752K, reserved 1048576K
Event: 42.512 GC heap after
Heap after GC invocations=36 (full 5):
 PSYoungGen      total 640512K, used 18720K [0x00000000d7300000, 0x0000000100000000, 0x0000000100000000)
  eden space 613888K, 0% used [0x00000000d7300000,0x00000000d7300000,0x00000000fca80000)
  from space 26624K, 70% used [0x00000000fca80000,0x00000000fdcc8000,0x00000000fe480000)
  to   space 26624K, 0% used [0x00000000fe600000,0x00000000fe600000,0x0000000100000000)
 ParOldGen       total 402944K, used 358449K [0x0000000085800000, 0x000000009e180000, 0x00000000d7300000)
  object space 402944K, 88% used [0x0000000085800000,0x000000009b60c610,0x000000009e180000)
 Metaspace       used 67554K, capacity 76229K, committed 76544K, reserved 1116160K
  class space    used 8096K, capacity 10674K, committed 10752K, reserved 1048576K
}
Event: 43.371 GC heap before
{Heap before GC invocations=37 (full 5):
 PSYoungGen      total 640512K, used 632608K [0x00000000d7300000, 0x0000000100000000, 0x0000000100000000)
  eden space 613888K, 100% used [0x00000000d7300000,0x00000000fca80000,0x00000000fca80000)
  from space 26624K, 70% used [0x00000000fca80000,0x00000000fdcc8000,0x00000000fe480000)
  to   space 26624K, 0% used [0x00000000fe600000,0x00000000fe600000,0x0000000100000000)
 ParOldGen       total 402944K, used 358449K [0x0000000085800000, 0x000000009e180000, 0x00000000d7300000)
  object space 402944K, 88% used [0x0000000085800000,0x000000009b60c610,0x000000009e180000)
 Metaspace       used 67554K, capacity 76229K, committed 76544K, reserved 1116160K
  class space    used 8096K, capacity 10674K, committed 10752K, reserved 1048576K
Event: 43.527 GC heap after
Heap after GC invocations=37 (full 5):
 PSYoungGen      total 641024K, used 18720K [0x00000000d7300000, 0x00000000fff00000, 0x0000000100000000)
  eden space 615424K, 0% used [0x00000000d7300000,0x00000000d7300000,0x00000000fcc00000)
  from space 25600K, 73% used [0x00000000fe600000,0x00000000ff848000,0x00000000fff00000)
  to   space 26112K, 0% used [0x00000000fcc00000,0x00000000fcc00000,0x00000000fe580000)
 ParOldGen       total 402944K, used 377265K [0x0000000085800000, 0x000000009e180000, 0x00000000d7300000)
  object space 402944K, 93% used [0x0000000085800000,0x000000009c86c610,0x000000009e180000)
 Metaspace       used 67554K, capacity 76229K, committed 76544K, reserved 1116160K
  class space    used 8096K, capacity 10674K, committed 10752K, reserved 1048576K
}
Event: 43.527 GC heap before
{Heap before GC invocations=38 (full 6):
 PSYoungGen      total 641024K, used 18720K [0x00000000d7300000, 0x00000000fff00000, 0x0000000100000000)
  eden space 615424K, 0% used [0x00000000d7300000,0x00000000d7300000,0x00000000fcc00000)
  from space 25600K, 73% used [0x00000000fe600000,0x00000000ff848000,0x00000000fff00000)
  to   space 26112K, 0% used [0x00000000fcc00000,0x00000000fcc00000,0x00000000fe580000)
 ParOldGen       total 402944K, used 377265K [0x0000000085800000, 0x000000009e180000, 0x00000000d7300000)
  object space 402944K, 93% used [0x0000000085800000,0x000000009c86c610,0x000000009e180000)
 Metaspace       used 67554K, capacity 76229K, committed 76544K, reserved 1116160K
  class space    used 8096K, capacity 10674K, committed 10752K, reserved 1048576K

